{"name": "test_checkout_empty_cart", "status": "failed", "statusDetails": {"message": "AssertionError: Checkout allowed with empty cart, which is incorrect.\nassert 'Your shopping cart is empty!' in '<html dir=\"ltr\" lang=\"en\"><head>\\n  <meta charset=\"UTF-8\">\\n  <meta name=\"viewport\" content=\"width=device-width, init...rc=\"catalog/view/javascript/bootstrap/js/bootstrap.bundle.min.js\" type=\"text/javascript\"></script>\\n\\n\\n</body></html>'\n +  where '<html dir=\"ltr\" lang=\"en\"><head>\\n  <meta charset=\"UTF-8\">\\n  <meta name=\"viewport\" content=\"width=device-width, init...rc=\"catalog/view/javascript/bootstrap/js/bootstrap.bundle.min.js\" type=\"text/javascript\"></script>\\n\\n\\n</body></html>' = <selenium.webdriver.edge.webdriver.WebDriver (session=\"9b7bb2108698919de7dd52a0d4b4bedf\")>.page_source", "trace": "driver = <selenium.webdriver.edge.webdriver.WebDriver (session=\"9b7bb2108698919de7dd52a0d4b4bedf\")>\n\n    def test_checkout_empty_cart(driver):\n        time.sleep(2)\n        driver.find_element(By.XPATH, \"//*[@id='top']/div/div[2]/ul/li[5]/a\").click()\n        time.sleep(2)\n>       assert \"Your shopping cart is empty!\" in driver.page_source, \"Checkout allowed with empty cart, which is incorrect.\"\nE       AssertionError: Checkout allowed with empty cart, which is incorrect.\nE       assert 'Your shopping cart is empty!' in '<html dir=\"ltr\" lang=\"en\"><head>\\n  <meta charset=\"UTF-8\">\\n  <meta name=\"viewport\" content=\"width=device-width, init...rc=\"catalog/view/javascript/bootstrap/js/bootstrap.bundle.min.js\" type=\"text/javascript\"></script>\\n\\n\\n</body></html>'\nE        +  where '<html dir=\"ltr\" lang=\"en\"><head>\\n  <meta charset=\"UTF-8\">\\n  <meta name=\"viewport\" content=\"width=device-width, init...rc=\"catalog/view/javascript/bootstrap/js/bootstrap.bundle.min.js\" type=\"text/javascript\"></script>\\n\\n\\n</body></html>' = <selenium.webdriver.edge.webdriver.WebDriver (session=\"9b7bb2108698919de7dd52a0d4b4bedf\")>.page_source\n\nTest_addtocart_checkout.py:80: AssertionError"}, "start": 1730422649920, "stop": 1730422654403, "uuid": "c58f1715-9b97-44d0-be73-ab151b696a73", "historyId": "c96b03e2fad321732314cc33ffee7b2f", "testCaseId": "c96b03e2fad321732314cc33ffee7b2f", "fullName": "Test_addtocart_checkout#test_checkout_empty_cart", "labels": [{"name": "suite", "value": "Test_addtocart_checkout"}, {"name": "host", "value": "LAPTOP-JR4A6QE4"}, {"name": "thread", "value": "7700-MainThread"}, {"name": "framework", "value": "pytest"}, {"name": "language", "value": "cpython3"}, {"name": "package", "value": "Test_addtocart_checkout"}]}