{"name": "test_add_to_cart_multiple", "status": "broken", "statusDetails": {"message": "selenium.common.exceptions.NoSuchElementException: Message: no such element: Unable to locate element: {\"method\":\"xpath\",\"selector\":\"//*[@id='product-list']/div[2]/div/div[2]/div/h4/a\"}\n  (Session info: MicrosoftEdge=130.0.2849.56); For documentation on this error, please visit: https://www.selenium.dev/documentation/webdriver/troubleshooting/errors#no-such-element-exception\nStacktrace:\n\tGetHandleVerifier [0x00007FF66A01DC75+12853]\n\tMicrosoft::Applications::Events::EventProperty::empty [0x00007FF66A2C83C4+2250276]\n\tMicrosoft::Applications::Events::EventProperty::empty [0x00007FF66A2076A6+1460486]\n\t(No symbol) [0x00007FF669E197CC]\n\t(No symbol) [0x00007FF669E1990C]\n\t(No symbol) [0x00007FF669E53857]\n\t(No symbol) [0x00007FF669E3853F]\n\t(No symbol) [0x00007FF669E10617]\n\t(No symbol) [0x00007FF669E51431]\n\t(No symbol) [0x00007FF669E38163]\n\t(No symbol) [0x00007FF669E0FB54]\n\t(No symbol) [0x00007FF669E0F000]\n\t(No symbol) [0x00007FF669E0F741]\n\tMicrosoft::Applications::Events::EventProperty::empty [0x00007FF66A19CDB4+1024020]\n\tMicrosoft::Applications::Events::EventProperty::~EventProperty [0x00007FF669F39A04+57108]\n\tMicrosoft::Applications::Events::EventProperty::empty [0x00007FF66A19BDB3+1019923]\n\tMicrosoft::Applications::Events::EventProperty::empty [0x00007FF66A19BA19+1019001]\n\tMicrosoft::Applications::Events::ILogConfiguration::operator* [0x00007FF669FBE031+394913]\n\tMicrosoft::Applications::Events::ILogConfiguration::operator* [0x00007FF669FBA954+380868]\n\tMicrosoft::Applications::Events::ILogConfiguration::operator* [0x00007FF669FBAA99+381193]\n\tMicrosoft::Applications::Events::ILogConfiguration::operator* [0x00007FF669FB2296+346374]\n\tBaseThreadInitThunk [0x00007FFCA624259D+29]\n\tRtlUserThreadStart [0x00007FFCA7B8AF38+40]", "trace": "driver = <selenium.webdriver.edge.webdriver.WebDriver (session=\"aa7da405ceda803a4b67aec995874bed\")>\n\n    def test_add_to_cart_multiple(driver):\n        # Chọn sản phẩm và thêm vào giỏ hàng\n        driver.execute_script(\"window.scrollBy(0, 200);\") # Cuộn 200px\n        time.sleep(2)\n>       driver.find_element(By.XPATH, \"//*[@id='product-list']/div[2]/div/div[2]/div/h4/a\").click()\n\nTest_addtocart_checkout.py:35: \n_ _ _ _ _ _ _ _ _ _ _ _ _ _ _ _ _ _ _ _ _ _ _ _ _ _ _ _ _ _ _ _ _ _ _ _ _ _ _ _ _ _ _ _ _ _ _ _ _ _ _ _ _ _ _ _ _ _ _ _ _ _\n..\\test_env\\Lib\\site-packages\\selenium\\webdriver\\remote\\webdriver.py:748: in find_element\n    return self.execute(Command.FIND_ELEMENT, {\"using\": by, \"value\": value})[\"value\"]\n..\\test_env\\Lib\\site-packages\\selenium\\webdriver\\remote\\webdriver.py:354: in execute\n    self.error_handler.check_response(response)\n_ _ _ _ _ _ _ _ _ _ _ _ _ _ _ _ _ _ _ _ _ _ _ _ _ _ _ _ _ _ _ _ _ _ _ _ _ _ _ _ _ _ _ _ _ _ _ _ _ _ _ _ _ _ _ _ _ _ _ _ _ _\n\nself = <selenium.webdriver.remote.errorhandler.ErrorHandler object at 0x0000024D0AAB44D0>\nresponse = {'status': 404, 'value': '{\"value\":{\"error\":\"no such element\",\"message\":\"no such element: Unable to locate element: {\\...FB2296+346374]\\\\n\\\\tBaseThreadInitThunk [0x00007FFCA624259D+29]\\\\n\\\\tRtlUserThreadStart [0x00007FFCA7B8AF38+40]\\\\n\"}}'}\n\n    def check_response(self, response: Dict[str, Any]) -> None:\n        \"\"\"Checks that a JSON response from the WebDriver does not have an\n        error.\n    \n        :Args:\n         - response - The JSON response from the WebDriver server as a dictionary\n           object.\n    \n        :Raises: If the response contains an error message.\n        \"\"\"\n        status = response.get(\"status\", None)\n        if not status or status == ErrorCode.SUCCESS:\n            return\n        value = None\n        message = response.get(\"message\", \"\")\n        screen: str = response.get(\"screen\", \"\")\n        stacktrace = None\n        if isinstance(status, int):\n            value_json = response.get(\"value\", None)\n            if value_json and isinstance(value_json, str):\n                import json\n    \n                try:\n                    value = json.loads(value_json)\n                    if len(value) == 1:\n                        value = value[\"value\"]\n                    status = value.get(\"error\", None)\n                    if not status:\n                        status = value.get(\"status\", ErrorCode.UNKNOWN_ERROR)\n                        message = value.get(\"value\") or value.get(\"message\")\n                        if not isinstance(message, str):\n                            value = message\n                            message = message.get(\"message\")\n                    else:\n                        message = value.get(\"message\", None)\n                except ValueError:\n                    pass\n    \n        exception_class: Type[WebDriverException]\n        e = ErrorCode()\n        error_codes = [item for item in dir(e) if not item.startswith(\"__\")]\n        for error_code in error_codes:\n            error_info = getattr(ErrorCode, error_code)\n            if isinstance(error_info, list) and status in error_info:\n                exception_class = getattr(ExceptionMapping, error_code, WebDriverException)\n                break\n        else:\n            exception_class = WebDriverException\n    \n        if not value:\n            value = response[\"value\"]\n        if isinstance(value, str):\n            raise exception_class(value)\n        if message == \"\" and \"message\" in value:\n            message = value[\"message\"]\n    \n        screen = None  # type: ignore[assignment]\n        if \"screen\" in value:\n            screen = value[\"screen\"]\n    \n        stacktrace = None\n        st_value = value.get(\"stackTrace\") or value.get(\"stacktrace\")\n        if st_value:\n            if isinstance(st_value, str):\n                stacktrace = st_value.split(\"\\n\")\n            else:\n                stacktrace = []\n                try:\n                    for frame in st_value:\n                        line = frame.get(\"lineNumber\", \"\")\n                        file = frame.get(\"fileName\", \"<anonymous>\")\n                        if line:\n                            file = f\"{file}:{line}\"\n                        meth = frame.get(\"methodName\", \"<anonymous>\")\n                        if \"className\" in frame:\n                            meth = f\"{frame['className']}.{meth}\"\n                        msg = \"    at %s (%s)\"\n                        msg = msg % (meth, file)\n                        stacktrace.append(msg)\n                except TypeError:\n                    pass\n        if exception_class == UnexpectedAlertPresentException:\n            alert_text = None\n            if \"data\" in value:\n                alert_text = value[\"data\"].get(\"text\")\n            elif \"alert\" in value:\n                alert_text = value[\"alert\"].get(\"text\")\n            raise exception_class(message, screen, stacktrace, alert_text)  # type: ignore[call-arg]  # mypy is not smart enough here\n>       raise exception_class(message, screen, stacktrace)\nE       selenium.common.exceptions.NoSuchElementException: Message: no such element: Unable to locate element: {\"method\":\"xpath\",\"selector\":\"//*[@id='product-list']/div[2]/div/div[2]/div/h4/a\"}\nE         (Session info: MicrosoftEdge=130.0.2849.56); For documentation on this error, please visit: https://www.selenium.dev/documentation/webdriver/troubleshooting/errors#no-such-element-exception\nE       Stacktrace:\nE       \tGetHandleVerifier [0x00007FF66A01DC75+12853]\nE       \tMicrosoft::Applications::Events::EventProperty::empty [0x00007FF66A2C83C4+2250276]\nE       \tMicrosoft::Applications::Events::EventProperty::empty [0x00007FF66A2076A6+1460486]\nE       \t(No symbol) [0x00007FF669E197CC]\nE       \t(No symbol) [0x00007FF669E1990C]\nE       \t(No symbol) [0x00007FF669E53857]\nE       \t(No symbol) [0x00007FF669E3853F]\nE       \t(No symbol) [0x00007FF669E10617]\nE       \t(No symbol) [0x00007FF669E51431]\nE       \t(No symbol) [0x00007FF669E38163]\nE       \t(No symbol) [0x00007FF669E0FB54]\nE       \t(No symbol) [0x00007FF669E0F000]\nE       \t(No symbol) [0x00007FF669E0F741]\nE       \tMicrosoft::Applications::Events::EventProperty::empty [0x00007FF66A19CDB4+1024020]\nE       \tMicrosoft::Applications::Events::EventProperty::~EventProperty [0x00007FF669F39A04+57108]\nE       \tMicrosoft::Applications::Events::EventProperty::empty [0x00007FF66A19BDB3+1019923]\nE       \tMicrosoft::Applications::Events::EventProperty::empty [0x00007FF66A19BA19+1019001]\nE       \tMicrosoft::Applications::Events::ILogConfiguration::operator* [0x00007FF669FBE031+394913]\nE       \tMicrosoft::Applications::Events::ILogConfiguration::operator* [0x00007FF669FBA954+380868]\nE       \tMicrosoft::Applications::Events::ILogConfiguration::operator* [0x00007FF669FBAA99+381193]\nE       \tMicrosoft::Applications::Events::ILogConfiguration::operator* [0x00007FF669FB2296+346374]\nE       \tBaseThreadInitThunk [0x00007FFCA624259D+29]\nE       \tRtlUserThreadStart [0x00007FFCA7B8AF38+40]\n\n..\\test_env\\Lib\\site-packages\\selenium\\webdriver\\remote\\errorhandler.py:229: NoSuchElementException"}, "start": 1730426059428, "stop": 1730426061463, "uuid": "60165892-ad68-4b60-b0db-32c5863ac741", "historyId": "47ed8fc368b30016411962486bd87e64", "testCaseId": "47ed8fc368b30016411962486bd87e64", "fullName": "Test_addtocart_checkout#test_add_to_cart_multiple", "labels": [{"name": "suite", "value": "Test_addtocart_checkout"}, {"name": "host", "value": "LAPTOP-JR4A6QE4"}, {"name": "thread", "value": "2968-MainThread"}, {"name": "framework", "value": "pytest"}, {"name": "language", "value": "cpython3"}, {"name": "package", "value": "Test_addtocart_checkout"}]}